<?xml version="1.0" encoding="UTF-8"?>
<testng-results ignored="0" total="1" passed="1" failed="0" skipped="0">
  <reporter-output>
  </reporter-output>
  <suite started-at="2023-09-10T00:03:31 EDT" name="Default suite" finished-at="2023-09-10T00:03:36 EDT" duration-ms="5288">
    <groups>
    </groups>
    <test started-at="2023-09-10T00:03:31 EDT" name="Default test" finished-at="2023-09-10T00:03:36 EDT" duration-ms="5288">
      <class name="auths.BearerTest">
        <test-method signature="getcall()[pri:0, instance:auths.BearerTest@6e6f2380]" started-at="2023-09-10T00:03:31 EDT" name="getcall" finished-at="2023-09-10T00:03:36 EDT" duration-ms="5180" status="PASS">
          <reporter-output>
          </reporter-output>
        </test-method> <!-- getcall -->
      </class> <!-- auths.BearerTest -->
    </test> <!-- Default test -->
  </suite> <!-- Default suite -->
</testng-results>
